<?xml version="1.0" encoding="UTF-8"?>
<!-- Generated by org.testng.reporters.JUnitReportReporter -->
<testsuite hostname="DESKTOP-RFGG51U" failures="0" tests="1" name="day28.LogIn" time="23.381" errors="0" timestamp="2024-01-13T14:23:13 IST" skipped="0">
  <testcase classname="day28.LogIn" name="loginTest" time="23.381"/>
</testsuite> <!-- day28.LogIn -->
